<?xml version="1.0" encoding="UTF-8"?>
<!-- Generated by org.testng.reporters.JUnitXMLReporter -->
<testsuite ignored="0" hostname="SPARTAN" failures="0" tests="5" name="Test" time="20.556" errors="0" timestamp="2022-08-26T20:29:44 IST">
  <testcase classname="test.LoginTest" name="verifyUrlOfPage" time="0.023"/>
  <testcase classname="test.LoginTest" name="verifyLoginPageIsDisplayed" time="0.457"/>
  <testcase classname="test.LoginTest" name="verifyLogin" time="3.313"/>
  <testcase classname="test.PimTest" name="verifyPimPage" time="3.131"/>
  <testcase classname="test.PimTest" name="verifyIdCheckBoxIsSelected" time="0.143"/>
</testsuite> <!-- Test -->
